mode: set
gitlab.slade360emr.com/go/profile/server.go:19.13,22.16 3 1
gitlab.slade360emr.com/go/profile/server.go:28.2,28.67 1 1
gitlab.slade360emr.com/go/profile/server.go:32.2,33.16 2 1
gitlab.slade360emr.com/go/profile/server.go:36.2,39.16 3 1
gitlab.slade360emr.com/go/profile/server.go:42.2,43.12 2 1
gitlab.slade360emr.com/go/profile/server.go:50.2,61.16 8 1
gitlab.slade360emr.com/go/profile/server.go:65.2,65.12 1 0
gitlab.slade360emr.com/go/profile/server.go:22.16,24.3 1 0
gitlab.slade360emr.com/go/profile/server.go:28.67,30.3 1 0
gitlab.slade360emr.com/go/profile/server.go:33.16,35.3 1 0
gitlab.slade360emr.com/go/profile/server.go:39.16,41.3 1 0
gitlab.slade360emr.com/go/profile/server.go:43.12,44.46 1 1
gitlab.slade360emr.com/go/profile/server.go:44.46,46.4 1 0
gitlab.slade360emr.com/go/profile/server.go:61.16,64.3 2 0
