mode: set
gitlab.slade360emr.com/go/profile/pkg/onboarding/application/utils/login.go:19.73,21.24 2 0
gitlab.slade360emr.com/go/profile/pkg/onboarding/application/utils/login.go:25.2,26.28 2 0
gitlab.slade360emr.com/go/profile/pkg/onboarding/application/utils/login.go:30.2,31.27 2 0
gitlab.slade360emr.com/go/profile/pkg/onboarding/application/utils/login.go:35.2,36.23 2 0
gitlab.slade360emr.com/go/profile/pkg/onboarding/application/utils/login.go:40.2,41.25 2 0
gitlab.slade360emr.com/go/profile/pkg/onboarding/application/utils/login.go:45.2,46.25 2 0
gitlab.slade360emr.com/go/profile/pkg/onboarding/application/utils/login.go:49.2,51.104 2 0
gitlab.slade360emr.com/go/profile/pkg/onboarding/application/utils/login.go:21.24,23.3 1 0
gitlab.slade360emr.com/go/profile/pkg/onboarding/application/utils/login.go:26.28,28.3 1 0
gitlab.slade360emr.com/go/profile/pkg/onboarding/application/utils/login.go:31.27,33.3 1 0
gitlab.slade360emr.com/go/profile/pkg/onboarding/application/utils/login.go:36.23,38.3 1 0
gitlab.slade360emr.com/go/profile/pkg/onboarding/application/utils/login.go:41.25,43.3 1 0
gitlab.slade360emr.com/go/profile/pkg/onboarding/application/utils/login.go:46.25,48.3 1 0
gitlab.slade360emr.com/go/profile/pkg/onboarding/application/utils/pin_helper.go:44.38,47.16 3 1
gitlab.slade360emr.com/go/profile/pkg/onboarding/application/utils/pin_helper.go:50.2,50.29 1 1
gitlab.slade360emr.com/go/profile/pkg/onboarding/application/utils/pin_helper.go:53.2,53.13 1 1
gitlab.slade360emr.com/go/profile/pkg/onboarding/application/utils/pin_helper.go:47.16,49.3 1 0
gitlab.slade360emr.com/go/profile/pkg/onboarding/application/utils/pin_helper.go:50.29,52.3 1 1
gitlab.slade360emr.com/go/profile/pkg/onboarding/application/utils/pin_helper.go:59.67,60.20 1 1
gitlab.slade360emr.com/go/profile/pkg/onboarding/application/utils/pin_helper.go:65.2,67.53 3 1
gitlab.slade360emr.com/go/profile/pkg/onboarding/application/utils/pin_helper.go:60.20,64.3 3 1
gitlab.slade360emr.com/go/profile/pkg/onboarding/application/utils/pin_helper.go:73.87,74.20 1 1
gitlab.slade360emr.com/go/profile/pkg/onboarding/application/utils/pin_helper.go:77.2,77.141 1 0
gitlab.slade360emr.com/go/profile/pkg/onboarding/application/utils/pin_helper.go:74.20,76.3 1 1
gitlab.slade360emr.com/go/profile/pkg/onboarding/application/utils/pin_helper.go:81.42,84.16 2 1
gitlab.slade360emr.com/go/profile/pkg/onboarding/application/utils/pin_helper.go:87.2,87.12 1 1
gitlab.slade360emr.com/go/profile/pkg/onboarding/application/utils/pin_helper.go:84.16,86.3 1 1
gitlab.slade360emr.com/go/profile/pkg/onboarding/application/utils/pin_helper.go:92.42,94.56 1 1
gitlab.slade360emr.com/go/profile/pkg/onboarding/application/utils/pin_helper.go:101.2,101.12 1 1
gitlab.slade360emr.com/go/profile/pkg/onboarding/application/utils/pin_helper.go:94.56,100.3 1 1
gitlab.slade360emr.com/go/profile/pkg/onboarding/application/utils/random_names.go:842.30,846.2 3 1
gitlab.slade360emr.com/go/profile/pkg/onboarding/application/utils/validators.go:13.89,16.18 3 0
gitlab.slade360emr.com/go/profile/pkg/onboarding/application/utils/validators.go:20.2,20.14 1 0
gitlab.slade360emr.com/go/profile/pkg/onboarding/application/utils/validators.go:26.2,26.15 1 0
gitlab.slade360emr.com/go/profile/pkg/onboarding/application/utils/validators.go:16.18,19.3 2 0
gitlab.slade360emr.com/go/profile/pkg/onboarding/application/utils/validators.go:20.14,24.3 2 0
gitlab.slade360emr.com/go/profile/pkg/onboarding/application/utils/validators.go:30.88,31.30 1 1
gitlab.slade360emr.com/go/profile/pkg/onboarding/application/utils/validators.go:35.2,36.16 2 1
gitlab.slade360emr.com/go/profile/pkg/onboarding/application/utils/validators.go:40.2,41.16 2 1
gitlab.slade360emr.com/go/profile/pkg/onboarding/application/utils/validators.go:45.2,46.16 2 1
gitlab.slade360emr.com/go/profile/pkg/onboarding/application/utils/validators.go:50.2,50.22 1 1
gitlab.slade360emr.com/go/profile/pkg/onboarding/application/utils/validators.go:54.2,59.8 1 1
gitlab.slade360emr.com/go/profile/pkg/onboarding/application/utils/validators.go:31.30,33.3 1 1
gitlab.slade360emr.com/go/profile/pkg/onboarding/application/utils/validators.go:36.16,38.3 1 0
gitlab.slade360emr.com/go/profile/pkg/onboarding/application/utils/validators.go:41.16,43.3 1 1
gitlab.slade360emr.com/go/profile/pkg/onboarding/application/utils/validators.go:46.16,48.3 1 1
gitlab.slade360emr.com/go/profile/pkg/onboarding/application/utils/validators.go:50.22,52.3 1 1
gitlab.slade360emr.com/go/profile/pkg/onboarding/application/utils/isc_client.go:14.73,17.16 2 0
gitlab.slade360emr.com/go/profile/pkg/onboarding/application/utils/isc_client.go:21.2,22.54 2 0
gitlab.slade360emr.com/go/profile/pkg/onboarding/application/utils/isc_client.go:27.2,28.16 2 0
gitlab.slade360emr.com/go/profile/pkg/onboarding/application/utils/isc_client.go:31.2,31.15 1 0
gitlab.slade360emr.com/go/profile/pkg/onboarding/application/utils/isc_client.go:17.16,20.3 2 0
gitlab.slade360emr.com/go/profile/pkg/onboarding/application/utils/isc_client.go:22.54,25.3 2 0
gitlab.slade360emr.com/go/profile/pkg/onboarding/application/utils/isc_client.go:28.16,30.3 1 0
gitlab.slade360emr.com/go/profile/pkg/onboarding/infrastructure/services/chargemaster/service.go:73.89,86.16 11 1
gitlab.slade360emr.com/go/profile/pkg/onboarding/infrastructure/services/chargemaster/service.go:91.2,91.61 1 1
gitlab.slade360emr.com/go/profile/pkg/onboarding/infrastructure/services/chargemaster/service.go:86.16,89.3 2 0
gitlab.slade360emr.com/go/profile/pkg/onboarding/infrastructure/services/chargemaster/service.go:95.81,97.2 1 1
gitlab.slade360emr.com/go/profile/pkg/onboarding/infrastructure/services/chargemaster/service.go:103.140,106.16 2 1
gitlab.slade360emr.com/go/profile/pkg/onboarding/infrastructure/services/chargemaster/service.go:110.2,116.28 6 1
gitlab.slade360emr.com/go/profile/pkg/onboarding/infrastructure/services/chargemaster/service.go:119.2,119.26 1 1
gitlab.slade360emr.com/go/profile/pkg/onboarding/infrastructure/services/chargemaster/service.go:123.2,134.16 6 1
gitlab.slade360emr.com/go/profile/pkg/onboarding/infrastructure/services/chargemaster/service.go:138.2,144.34 6 1
gitlab.slade360emr.com/go/profile/pkg/onboarding/infrastructure/services/chargemaster/service.go:156.2,166.24 3 1
gitlab.slade360emr.com/go/profile/pkg/onboarding/infrastructure/services/chargemaster/service.go:106.16,108.3 1 1
gitlab.slade360emr.com/go/profile/pkg/onboarding/infrastructure/services/chargemaster/service.go:116.28,118.3 1 1
gitlab.slade360emr.com/go/profile/pkg/onboarding/infrastructure/services/chargemaster/service.go:119.26,121.3 1 1
gitlab.slade360emr.com/go/profile/pkg/onboarding/infrastructure/services/chargemaster/service.go:134.16,136.3 1 0
gitlab.slade360emr.com/go/profile/pkg/onboarding/infrastructure/services/chargemaster/service.go:144.34,155.3 2 1
gitlab.slade360emr.com/go/profile/pkg/onboarding/infrastructure/services/chargemaster/service.go:172.113,175.16 2 1
gitlab.slade360emr.com/go/profile/pkg/onboarding/infrastructure/services/chargemaster/service.go:178.2,184.28 6 1
gitlab.slade360emr.com/go/profile/pkg/onboarding/infrastructure/services/chargemaster/service.go:187.2,187.26 1 1
gitlab.slade360emr.com/go/profile/pkg/onboarding/infrastructure/services/chargemaster/service.go:190.2,201.16 6 1
gitlab.slade360emr.com/go/profile/pkg/onboarding/infrastructure/services/chargemaster/service.go:204.2,210.37 6 1
gitlab.slade360emr.com/go/profile/pkg/onboarding/infrastructure/services/chargemaster/service.go:227.2,237.24 3 1
gitlab.slade360emr.com/go/profile/pkg/onboarding/infrastructure/services/chargemaster/service.go:175.16,177.3 1 1
gitlab.slade360emr.com/go/profile/pkg/onboarding/infrastructure/services/chargemaster/service.go:184.28,186.3 1 1
gitlab.slade360emr.com/go/profile/pkg/onboarding/infrastructure/services/chargemaster/service.go:187.26,189.3 1 1
gitlab.slade360emr.com/go/profile/pkg/onboarding/infrastructure/services/chargemaster/service.go:201.16,203.3 1 0
gitlab.slade360emr.com/go/profile/pkg/onboarding/infrastructure/services/chargemaster/service.go:210.37,212.17 2 1
gitlab.slade360emr.com/go/profile/pkg/onboarding/infrastructure/services/chargemaster/service.go:216.3,225.30 2 1
gitlab.slade360emr.com/go/profile/pkg/onboarding/infrastructure/services/chargemaster/service.go:212.17,214.4 1 0
gitlab.slade360emr.com/go/profile/pkg/onboarding/infrastructure/services/chargemaster/service.go:240.83,241.50 1 1
gitlab.slade360emr.com/go/profile/pkg/onboarding/infrastructure/services/chargemaster/service.go:244.2,246.21 3 1
gitlab.slade360emr.com/go/profile/pkg/onboarding/infrastructure/services/chargemaster/service.go:249.2,251.26 3 1
gitlab.slade360emr.com/go/profile/pkg/onboarding/infrastructure/services/chargemaster/service.go:241.50,243.3 1 1
gitlab.slade360emr.com/go/profile/pkg/onboarding/infrastructure/services/chargemaster/service.go:246.21,248.3 1 1
gitlab.slade360emr.com/go/profile/pkg/onboarding/infrastructure/services/otp/service.go:51.66,56.16 3 1
gitlab.slade360emr.com/go/profile/pkg/onboarding/infrastructure/services/otp/service.go:61.2,61.54 1 1
gitlab.slade360emr.com/go/profile/pkg/onboarding/infrastructure/services/otp/service.go:66.2,68.16 3 1
gitlab.slade360emr.com/go/profile/pkg/onboarding/infrastructure/services/otp/service.go:73.2,73.40 1 1
gitlab.slade360emr.com/go/profile/pkg/onboarding/infrastructure/services/otp/service.go:56.16,59.3 2 0
gitlab.slade360emr.com/go/profile/pkg/onboarding/infrastructure/services/otp/service.go:61.54,64.3 2 0
gitlab.slade360emr.com/go/profile/pkg/onboarding/infrastructure/services/otp/service.go:68.16,71.3 1 0
gitlab.slade360emr.com/go/profile/pkg/onboarding/infrastructure/services/otp/service.go:80.30,85.16 3 0
gitlab.slade360emr.com/go/profile/pkg/onboarding/infrastructure/services/otp/service.go:88.2,88.38 1 0
gitlab.slade360emr.com/go/profile/pkg/onboarding/infrastructure/services/otp/service.go:93.2,94.16 2 0
gitlab.slade360emr.com/go/profile/pkg/onboarding/infrastructure/services/otp/service.go:98.2,100.16 3 0
gitlab.slade360emr.com/go/profile/pkg/onboarding/infrastructure/services/otp/service.go:103.2,103.41 1 0
gitlab.slade360emr.com/go/profile/pkg/onboarding/infrastructure/services/otp/service.go:85.16,87.3 1 0
gitlab.slade360emr.com/go/profile/pkg/onboarding/infrastructure/services/otp/service.go:88.38,92.3 1 0
gitlab.slade360emr.com/go/profile/pkg/onboarding/infrastructure/services/otp/service.go:94.16,96.3 1 0
gitlab.slade360emr.com/go/profile/pkg/onboarding/infrastructure/services/otp/service.go:100.16,102.3 1 0
gitlab.slade360emr.com/go/profile/pkg/onboarding/infrastructure/services/otp/service.go:111.30,113.16 2 1
gitlab.slade360emr.com/go/profile/pkg/onboarding/infrastructure/services/otp/service.go:117.2,122.16 3 1
gitlab.slade360emr.com/go/profile/pkg/onboarding/infrastructure/services/otp/service.go:126.2,126.38 1 1
gitlab.slade360emr.com/go/profile/pkg/onboarding/infrastructure/services/otp/service.go:133.2,134.16 2 1
gitlab.slade360emr.com/go/profile/pkg/onboarding/infrastructure/services/otp/service.go:138.2,140.16 3 1
gitlab.slade360emr.com/go/profile/pkg/onboarding/infrastructure/services/otp/service.go:144.2,144.46 1 1
gitlab.slade360emr.com/go/profile/pkg/onboarding/infrastructure/services/otp/service.go:113.16,115.3 1 1
gitlab.slade360emr.com/go/profile/pkg/onboarding/infrastructure/services/otp/service.go:122.16,124.3 1 0
gitlab.slade360emr.com/go/profile/pkg/onboarding/infrastructure/services/otp/service.go:126.38,131.3 1 1
gitlab.slade360emr.com/go/profile/pkg/onboarding/infrastructure/services/otp/service.go:134.16,136.3 1 0
gitlab.slade360emr.com/go/profile/pkg/onboarding/infrastructure/services/otp/service.go:140.16,142.3 1 0
gitlab.slade360emr.com/go/profile/pkg/onboarding/infrastructure/services/otp/service.go:148.90,150.2 1 0
gitlab.slade360emr.com/go/profile/pkg/onboarding/infrastructure/services/otp/service.go:153.95,166.16 4 0
gitlab.slade360emr.com/go/profile/pkg/onboarding/infrastructure/services/otp/service.go:171.2,171.38 1 0
gitlab.slade360emr.com/go/profile/pkg/onboarding/infrastructure/services/otp/service.go:175.2,176.16 2 0
gitlab.slade360emr.com/go/profile/pkg/onboarding/infrastructure/services/otp/service.go:180.2,186.16 4 0
gitlab.slade360emr.com/go/profile/pkg/onboarding/infrastructure/services/otp/service.go:191.2,191.26 1 0
gitlab.slade360emr.com/go/profile/pkg/onboarding/infrastructure/services/otp/service.go:166.16,169.3 1 0
gitlab.slade360emr.com/go/profile/pkg/onboarding/infrastructure/services/otp/service.go:171.38,173.3 1 0
gitlab.slade360emr.com/go/profile/pkg/onboarding/infrastructure/services/otp/service.go:176.16,178.3 1 0
gitlab.slade360emr.com/go/profile/pkg/onboarding/infrastructure/services/otp/service.go:186.16,189.3 1 0
gitlab.slade360emr.com/go/profile/server.go:18.13,21.16 3 1
gitlab.slade360emr.com/go/profile/server.go:25.2,26.16 2 1
gitlab.slade360emr.com/go/profile/server.go:29.2,30.12 2 1
gitlab.slade360emr.com/go/profile/server.go:37.2,48.16 8 1
gitlab.slade360emr.com/go/profile/server.go:52.2,52.12 1 0
gitlab.slade360emr.com/go/profile/server.go:21.16,23.3 1 0
gitlab.slade360emr.com/go/profile/server.go:26.16,28.3 1 0
gitlab.slade360emr.com/go/profile/server.go:30.12,31.46 1 1
gitlab.slade360emr.com/go/profile/server.go:31.46,33.4 1 0
gitlab.slade360emr.com/go/profile/server.go:48.16,51.3 2 0
gitlab.slade360emr.com/go/profile/pkg/onboarding/presentation/rest/handlers.go:41.73,43.2 1 1
gitlab.slade360emr.com/go/profile/pkg/onboarding/presentation/rest/handlers.go:49.96,50.54 1 1
gitlab.slade360emr.com/go/profile/pkg/onboarding/presentation/rest/handlers.go:50.54,53.27 3 1
gitlab.slade360emr.com/go/profile/pkg/onboarding/presentation/rest/handlers.go:59.3,60.17 2 1
gitlab.slade360emr.com/go/profile/pkg/onboarding/presentation/rest/handlers.go:64.3,64.52 1 1
gitlab.slade360emr.com/go/profile/pkg/onboarding/presentation/rest/handlers.go:53.27,57.4 3 0
gitlab.slade360emr.com/go/profile/pkg/onboarding/presentation/rest/handlers.go:60.17,63.4 2 1
gitlab.slade360emr.com/go/profile/pkg/onboarding/presentation/rest/handlers.go:69.98,70.54 1 1
gitlab.slade360emr.com/go/profile/pkg/onboarding/presentation/rest/handlers.go:70.54,75.17 4 1
gitlab.slade360emr.com/go/profile/pkg/onboarding/presentation/rest/handlers.go:80.3,80.58 1 1
gitlab.slade360emr.com/go/profile/pkg/onboarding/presentation/rest/handlers.go:75.17,78.4 2 1
gitlab.slade360emr.com/go/profile/pkg/onboarding/presentation/rest/handlers.go:86.97,87.54 1 1
gitlab.slade360emr.com/go/profile/pkg/onboarding/presentation/rest/handlers.go:87.54,91.27 3 1
gitlab.slade360emr.com/go/profile/pkg/onboarding/presentation/rest/handlers.go:100.3,105.17 2 1
gitlab.slade360emr.com/go/profile/pkg/onboarding/presentation/rest/handlers.go:109.3,109.53 1 1
gitlab.slade360emr.com/go/profile/pkg/onboarding/presentation/rest/handlers.go:91.27,98.4 3 0
gitlab.slade360emr.com/go/profile/pkg/onboarding/presentation/rest/handlers.go:105.17,108.4 2 1
gitlab.slade360emr.com/go/profile/pkg/onboarding/presentation/rest/handlers.go:114.94,115.54 1 0
gitlab.slade360emr.com/go/profile/pkg/onboarding/presentation/rest/handlers.go:115.54,119.43 3 0
gitlab.slade360emr.com/go/profile/pkg/onboarding/presentation/rest/handlers.go:128.3,134.17 2 0
gitlab.slade360emr.com/go/profile/pkg/onboarding/presentation/rest/handlers.go:138.3,138.53 1 0
gitlab.slade360emr.com/go/profile/pkg/onboarding/presentation/rest/handlers.go:119.43,126.4 3 0
gitlab.slade360emr.com/go/profile/pkg/onboarding/presentation/rest/handlers.go:134.17,137.4 2 0
gitlab.slade360emr.com/go/profile/pkg/onboarding/presentation/rest/handlers.go:146.85,147.54 1 0
gitlab.slade360emr.com/go/profile/pkg/onboarding/presentation/rest/handlers.go:147.54,150.43 3 0
gitlab.slade360emr.com/go/profile/pkg/onboarding/presentation/rest/handlers.go:159.3,159.27 1 0
gitlab.slade360emr.com/go/profile/pkg/onboarding/presentation/rest/handlers.go:168.3,174.17 2 0
gitlab.slade360emr.com/go/profile/pkg/onboarding/presentation/rest/handlers.go:179.3,179.53 1 0
gitlab.slade360emr.com/go/profile/pkg/onboarding/presentation/rest/handlers.go:150.43,157.4 3 0
gitlab.slade360emr.com/go/profile/pkg/onboarding/presentation/rest/handlers.go:159.27,166.4 3 0
gitlab.slade360emr.com/go/profile/pkg/onboarding/presentation/rest/handlers.go:174.17,177.4 2 0
gitlab.slade360emr.com/go/profile/pkg/onboarding/presentation/rest/handlers.go:184.87,185.54 1 0
gitlab.slade360emr.com/go/profile/pkg/onboarding/presentation/rest/handlers.go:185.54,188.32 3 0
gitlab.slade360emr.com/go/profile/pkg/onboarding/presentation/rest/handlers.go:197.3,197.64 1 0
gitlab.slade360emr.com/go/profile/pkg/onboarding/presentation/rest/handlers.go:206.3,207.17 2 0
gitlab.slade360emr.com/go/profile/pkg/onboarding/presentation/rest/handlers.go:212.3,212.53 1 0
gitlab.slade360emr.com/go/profile/pkg/onboarding/presentation/rest/handlers.go:188.32,195.4 3 0
gitlab.slade360emr.com/go/profile/pkg/onboarding/presentation/rest/handlers.go:197.64,204.4 3 0
gitlab.slade360emr.com/go/profile/pkg/onboarding/presentation/rest/handlers.go:207.17,210.4 2 0
gitlab.slade360emr.com/go/profile/pkg/onboarding/presentation/rest/handlers.go:218.88,219.54 1 1
gitlab.slade360emr.com/go/profile/pkg/onboarding/presentation/rest/handlers.go:219.54,222.27 3 1
gitlab.slade360emr.com/go/profile/pkg/onboarding/presentation/rest/handlers.go:231.3,232.17 2 1
gitlab.slade360emr.com/go/profile/pkg/onboarding/presentation/rest/handlers.go:236.3,236.52 1 1
gitlab.slade360emr.com/go/profile/pkg/onboarding/presentation/rest/handlers.go:222.27,229.4 3 0
gitlab.slade360emr.com/go/profile/pkg/onboarding/presentation/rest/handlers.go:232.17,235.4 2 1
gitlab.slade360emr.com/go/profile/pkg/onboarding/presentation/rest/handlers.go:241.81,242.54 1 1
gitlab.slade360emr.com/go/profile/pkg/onboarding/presentation/rest/handlers.go:242.54,245.62 3 1
gitlab.slade360emr.com/go/profile/pkg/onboarding/presentation/rest/handlers.go:259.3,265.17 2 1
gitlab.slade360emr.com/go/profile/pkg/onboarding/presentation/rest/handlers.go:270.3,270.58 1 1
gitlab.slade360emr.com/go/profile/pkg/onboarding/presentation/rest/handlers.go:245.62,257.4 3 1
gitlab.slade360emr.com/go/profile/pkg/onboarding/presentation/rest/handlers.go:265.17,268.4 2 1
gitlab.slade360emr.com/go/profile/pkg/onboarding/presentation/rest/handlers.go:277.80,278.54 1 0
gitlab.slade360emr.com/go/profile/pkg/onboarding/presentation/rest/handlers.go:278.54,281.33 3 0
gitlab.slade360emr.com/go/profile/pkg/onboarding/presentation/rest/handlers.go:290.3,294.17 2 0
gitlab.slade360emr.com/go/profile/pkg/onboarding/presentation/rest/handlers.go:299.3,299.53 1 0
gitlab.slade360emr.com/go/profile/pkg/onboarding/presentation/rest/handlers.go:281.33,288.4 3 0
gitlab.slade360emr.com/go/profile/pkg/onboarding/presentation/rest/handlers.go:294.17,297.4 2 0
gitlab.slade360emr.com/go/profile/pkg/onboarding/presentation/rest/handlers.go:306.85,307.54 1 0
gitlab.slade360emr.com/go/profile/pkg/onboarding/presentation/rest/handlers.go:307.54,310.65 3 0
gitlab.slade360emr.com/go/profile/pkg/onboarding/presentation/rest/handlers.go:319.3,324.17 2 0
gitlab.slade360emr.com/go/profile/pkg/onboarding/presentation/rest/handlers.go:329.3,329.53 1 0
gitlab.slade360emr.com/go/profile/pkg/onboarding/presentation/rest/handlers.go:310.65,317.4 3 0
gitlab.slade360emr.com/go/profile/pkg/onboarding/presentation/rest/handlers.go:324.17,327.4 2 0
gitlab.slade360emr.com/go/profile/pkg/onboarding/presentation/rest/handlers.go:337.85,338.54 1 0
gitlab.slade360emr.com/go/profile/pkg/onboarding/presentation/rest/handlers.go:338.54,341.28 3 0
gitlab.slade360emr.com/go/profile/pkg/onboarding/presentation/rest/handlers.go:350.3,351.17 2 0
gitlab.slade360emr.com/go/profile/pkg/onboarding/presentation/rest/handlers.go:356.3,356.53 1 0
gitlab.slade360emr.com/go/profile/pkg/onboarding/presentation/rest/handlers.go:341.28,348.4 3 0
gitlab.slade360emr.com/go/profile/pkg/onboarding/presentation/rest/handlers.go:351.17,354.4 2 0
gitlab.slade360emr.com/go/profile/pkg/onboarding/presentation/rest/handlers.go:361.90,362.54 1 0
gitlab.slade360emr.com/go/profile/pkg/onboarding/presentation/rest/handlers.go:362.54,364.17 2 0
gitlab.slade360emr.com/go/profile/pkg/onboarding/presentation/rest/handlers.go:372.3,372.19 1 0
gitlab.slade360emr.com/go/profile/pkg/onboarding/presentation/rest/handlers.go:381.3,386.36 4 0
gitlab.slade360emr.com/go/profile/pkg/onboarding/presentation/rest/handlers.go:392.3,392.53 1 0
gitlab.slade360emr.com/go/profile/pkg/onboarding/presentation/rest/handlers.go:364.17,370.4 2 0
gitlab.slade360emr.com/go/profile/pkg/onboarding/presentation/rest/handlers.go:372.19,379.4 3 0
gitlab.slade360emr.com/go/profile/pkg/onboarding/presentation/rest/handlers.go:386.36,390.4 3 0
gitlab.slade360emr.com/go/profile/pkg/onboarding/presentation/rest/handlers.go:399.96,400.54 1 0
gitlab.slade360emr.com/go/profile/pkg/onboarding/presentation/rest/handlers.go:400.54,404.27 3 0
gitlab.slade360emr.com/go/profile/pkg/onboarding/presentation/rest/handlers.go:412.3,413.17 2 0
gitlab.slade360emr.com/go/profile/pkg/onboarding/presentation/rest/handlers.go:421.3,421.8 1 0
gitlab.slade360emr.com/go/profile/pkg/onboarding/presentation/rest/handlers.go:432.3,436.28 2 0
gitlab.slade360emr.com/go/profile/pkg/onboarding/presentation/rest/handlers.go:404.27,411.4 3 0
gitlab.slade360emr.com/go/profile/pkg/onboarding/presentation/rest/handlers.go:413.17,419.4 2 0
gitlab.slade360emr.com/go/profile/pkg/onboarding/presentation/rest/handlers.go:421.8,422.91 1 0
gitlab.slade360emr.com/go/profile/pkg/onboarding/presentation/rest/handlers.go:429.4,430.10 2 0
gitlab.slade360emr.com/go/profile/pkg/onboarding/presentation/rest/handlers.go:422.91,428.5 2 0
gitlab.slade360emr.com/go/profile/pkg/onboarding/presentation/rest/handlers.go:441.92,442.54 1 0
gitlab.slade360emr.com/go/profile/pkg/onboarding/presentation/rest/handlers.go:442.54,445.19 3 0
gitlab.slade360emr.com/go/profile/pkg/onboarding/presentation/rest/handlers.go:451.3,452.17 2 0
gitlab.slade360emr.com/go/profile/pkg/onboarding/presentation/rest/handlers.go:457.3,457.52 1 0
gitlab.slade360emr.com/go/profile/pkg/onboarding/presentation/rest/handlers.go:445.19,449.4 3 0
gitlab.slade360emr.com/go/profile/pkg/onboarding/presentation/rest/handlers.go:452.17,455.4 2 0
gitlab.slade360emr.com/go/profile/pkg/onboarding/presentation/rest/handlers.go:463.85,464.54 1 0
gitlab.slade360emr.com/go/profile/pkg/onboarding/presentation/rest/handlers.go:464.54,467.19 3 0
gitlab.slade360emr.com/go/profile/pkg/onboarding/presentation/rest/handlers.go:473.3,484.17 7 0
gitlab.slade360emr.com/go/profile/pkg/onboarding/presentation/rest/handlers.go:489.3,495.4 1 0
gitlab.slade360emr.com/go/profile/pkg/onboarding/presentation/rest/handlers.go:467.19,471.4 3 0
gitlab.slade360emr.com/go/profile/pkg/onboarding/presentation/rest/handlers.go:484.17,487.4 2 0
gitlab.slade360emr.com/go/profile/pkg/onboarding/infrastructure/database/firebase.go:45.90,48.16 3 1
gitlab.slade360emr.com/go/profile/pkg/onboarding/infrastructure/database/firebase.go:52.2,53.16 2 1
gitlab.slade360emr.com/go/profile/pkg/onboarding/infrastructure/database/firebase.go:57.2,58.16 2 1
gitlab.slade360emr.com/go/profile/pkg/onboarding/infrastructure/database/firebase.go:62.2,67.16 3 1
gitlab.slade360emr.com/go/profile/pkg/onboarding/infrastructure/database/firebase.go:70.2,70.16 1 1
gitlab.slade360emr.com/go/profile/pkg/onboarding/infrastructure/database/firebase.go:48.16,50.3 1 0
gitlab.slade360emr.com/go/profile/pkg/onboarding/infrastructure/database/firebase.go:53.16,55.3 1 0
gitlab.slade360emr.com/go/profile/pkg/onboarding/infrastructure/database/firebase.go:58.16,60.3 1 0
gitlab.slade360emr.com/go/profile/pkg/onboarding/infrastructure/database/firebase.go:67.16,69.3 1 0
gitlab.slade360emr.com/go/profile/pkg/onboarding/infrastructure/database/firebase.go:73.49,74.31 1 1
gitlab.slade360emr.com/go/profile/pkg/onboarding/infrastructure/database/firebase.go:78.2,78.12 1 1
gitlab.slade360emr.com/go/profile/pkg/onboarding/infrastructure/database/firebase.go:74.31,76.3 1 0
gitlab.slade360emr.com/go/profile/pkg/onboarding/infrastructure/database/firebase.go:82.60,85.2 2 1
gitlab.slade360emr.com/go/profile/pkg/onboarding/infrastructure/database/firebase.go:88.64,91.2 2 1
gitlab.slade360emr.com/go/profile/pkg/onboarding/infrastructure/database/firebase.go:94.64,97.2 2 1
gitlab.slade360emr.com/go/profile/pkg/onboarding/infrastructure/database/firebase.go:100.55,103.2 2 1
gitlab.slade360emr.com/go/profile/pkg/onboarding/infrastructure/database/firebase.go:106.53,109.2 2 1
gitlab.slade360emr.com/go/profile/pkg/onboarding/infrastructure/database/firebase.go:112.62,115.2 2 0
gitlab.slade360emr.com/go/profile/pkg/onboarding/infrastructure/database/firebase.go:118.59,121.2 2 0
gitlab.slade360emr.com/go/profile/pkg/onboarding/infrastructure/database/firebase.go:124.132,127.20 3 0
gitlab.slade360emr.com/go/profile/pkg/onboarding/infrastructure/database/firebase.go:140.2,140.20 1 0
gitlab.slade360emr.com/go/profile/pkg/onboarding/infrastructure/database/firebase.go:128.41,129.101 1 0
gitlab.slade360emr.com/go/profile/pkg/onboarding/infrastructure/database/firebase.go:130.45,131.101 1 0
gitlab.slade360emr.com/go/profile/pkg/onboarding/infrastructure/database/firebase.go:132.45,133.101 1 0
gitlab.slade360emr.com/go/profile/pkg/onboarding/infrastructure/database/firebase.go:134.34,135.101 1 0
gitlab.slade360emr.com/go/profile/pkg/onboarding/infrastructure/database/firebase.go:136.40,137.101 1 0
gitlab.slade360emr.com/go/profile/pkg/onboarding/infrastructure/database/firebase.go:147.30,153.16 5 0
gitlab.slade360emr.com/go/profile/pkg/onboarding/infrastructure/database/firebase.go:157.2,157.20 1 0
gitlab.slade360emr.com/go/profile/pkg/onboarding/infrastructure/database/firebase.go:160.2,160.37 1 0
gitlab.slade360emr.com/go/profile/pkg/onboarding/infrastructure/database/firebase.go:164.2,167.16 4 0
gitlab.slade360emr.com/go/profile/pkg/onboarding/infrastructure/database/firebase.go:170.2,170.25 1 0
gitlab.slade360emr.com/go/profile/pkg/onboarding/infrastructure/database/firebase.go:153.16,155.3 1 0
gitlab.slade360emr.com/go/profile/pkg/onboarding/infrastructure/database/firebase.go:157.20,159.3 1 0
gitlab.slade360emr.com/go/profile/pkg/onboarding/infrastructure/database/firebase.go:160.37,162.3 1 0
gitlab.slade360emr.com/go/profile/pkg/onboarding/infrastructure/database/firebase.go:167.16,169.3 1 0
gitlab.slade360emr.com/go/profile/pkg/onboarding/infrastructure/database/firebase.go:177.30,181.16 4 1
gitlab.slade360emr.com/go/profile/pkg/onboarding/infrastructure/database/firebase.go:184.2,184.37 1 1
gitlab.slade360emr.com/go/profile/pkg/onboarding/infrastructure/database/firebase.go:188.2,188.20 1 1
gitlab.slade360emr.com/go/profile/pkg/onboarding/infrastructure/database/firebase.go:191.2,194.16 4 1
gitlab.slade360emr.com/go/profile/pkg/onboarding/infrastructure/database/firebase.go:197.2,197.25 1 1
gitlab.slade360emr.com/go/profile/pkg/onboarding/infrastructure/database/firebase.go:181.16,183.3 1 0
gitlab.slade360emr.com/go/profile/pkg/onboarding/infrastructure/database/firebase.go:184.37,186.3 1 0
gitlab.slade360emr.com/go/profile/pkg/onboarding/infrastructure/database/firebase.go:188.20,190.3 1 0
gitlab.slade360emr.com/go/profile/pkg/onboarding/infrastructure/database/firebase.go:194.16,196.3 1 0
gitlab.slade360emr.com/go/profile/pkg/onboarding/infrastructure/database/firebase.go:200.72,202.68 2 1
gitlab.slade360emr.com/go/profile/pkg/onboarding/infrastructure/database/firebase.go:205.2,205.10 1 1
gitlab.slade360emr.com/go/profile/pkg/onboarding/infrastructure/database/firebase.go:202.68,204.3 1 0
gitlab.slade360emr.com/go/profile/pkg/onboarding/infrastructure/database/firebase.go:209.114,212.16 2 1
gitlab.slade360emr.com/go/profile/pkg/onboarding/infrastructure/database/firebase.go:216.2,216.7 1 1
gitlab.slade360emr.com/go/profile/pkg/onboarding/infrastructure/database/firebase.go:221.2,238.16 4 1
gitlab.slade360emr.com/go/profile/pkg/onboarding/infrastructure/database/firebase.go:241.2,242.16 2 1
gitlab.slade360emr.com/go/profile/pkg/onboarding/infrastructure/database/firebase.go:246.2,248.16 3 1
gitlab.slade360emr.com/go/profile/pkg/onboarding/infrastructure/database/firebase.go:251.2,251.25 1 1
gitlab.slade360emr.com/go/profile/pkg/onboarding/infrastructure/database/firebase.go:212.16,214.3 1 0
gitlab.slade360emr.com/go/profile/pkg/onboarding/infrastructure/database/firebase.go:216.7,219.3 1 0
gitlab.slade360emr.com/go/profile/pkg/onboarding/infrastructure/database/firebase.go:238.16,240.3 1 0
gitlab.slade360emr.com/go/profile/pkg/onboarding/infrastructure/database/firebase.go:242.16,244.3 1 0
gitlab.slade360emr.com/go/profile/pkg/onboarding/infrastructure/database/firebase.go:248.16,250.3 1 0
gitlab.slade360emr.com/go/profile/pkg/onboarding/infrastructure/database/firebase.go:256.113,264.16 3 1
gitlab.slade360emr.com/go/profile/pkg/onboarding/infrastructure/database/firebase.go:267.2,268.16 2 1
gitlab.slade360emr.com/go/profile/pkg/onboarding/infrastructure/database/firebase.go:272.2,274.16 3 1
gitlab.slade360emr.com/go/profile/pkg/onboarding/infrastructure/database/firebase.go:277.2,277.22 1 1
gitlab.slade360emr.com/go/profile/pkg/onboarding/infrastructure/database/firebase.go:264.16,266.3 1 0
gitlab.slade360emr.com/go/profile/pkg/onboarding/infrastructure/database/firebase.go:268.16,270.3 1 0
gitlab.slade360emr.com/go/profile/pkg/onboarding/infrastructure/database/firebase.go:274.16,276.3 1 0
gitlab.slade360emr.com/go/profile/pkg/onboarding/infrastructure/database/firebase.go:282.113,290.16 3 1
gitlab.slade360emr.com/go/profile/pkg/onboarding/infrastructure/database/firebase.go:293.2,294.16 2 1
gitlab.slade360emr.com/go/profile/pkg/onboarding/infrastructure/database/firebase.go:298.2,300.16 3 1
gitlab.slade360emr.com/go/profile/pkg/onboarding/infrastructure/database/firebase.go:303.2,303.22 1 1
gitlab.slade360emr.com/go/profile/pkg/onboarding/infrastructure/database/firebase.go:290.16,292.3 1 0
gitlab.slade360emr.com/go/profile/pkg/onboarding/infrastructure/database/firebase.go:294.16,296.3 1 0
gitlab.slade360emr.com/go/profile/pkg/onboarding/infrastructure/database/firebase.go:300.16,302.3 1 0
gitlab.slade360emr.com/go/profile/pkg/onboarding/infrastructure/database/firebase.go:307.126,310.16 3 1
gitlab.slade360emr.com/go/profile/pkg/onboarding/infrastructure/database/firebase.go:313.2,313.20 1 1
gitlab.slade360emr.com/go/profile/pkg/onboarding/infrastructure/database/firebase.go:316.2,319.16 4 1
gitlab.slade360emr.com/go/profile/pkg/onboarding/infrastructure/database/firebase.go:322.2,322.21 1 1
gitlab.slade360emr.com/go/profile/pkg/onboarding/infrastructure/database/firebase.go:310.16,312.3 1 0
gitlab.slade360emr.com/go/profile/pkg/onboarding/infrastructure/database/firebase.go:313.20,315.3 1 0
gitlab.slade360emr.com/go/profile/pkg/onboarding/infrastructure/database/firebase.go:319.16,321.3 1 0
gitlab.slade360emr.com/go/profile/pkg/onboarding/infrastructure/database/firebase.go:327.119,331.16 3 1
gitlab.slade360emr.com/go/profile/pkg/onboarding/infrastructure/database/firebase.go:334.2,334.21 1 1
gitlab.slade360emr.com/go/profile/pkg/onboarding/infrastructure/database/firebase.go:344.2,346.16 3 1
gitlab.slade360emr.com/go/profile/pkg/onboarding/infrastructure/database/firebase.go:350.2,350.21 1 1
gitlab.slade360emr.com/go/profile/pkg/onboarding/infrastructure/database/firebase.go:359.2,359.84 1 1
gitlab.slade360emr.com/go/profile/pkg/onboarding/infrastructure/database/firebase.go:331.16,333.3 1 0
gitlab.slade360emr.com/go/profile/pkg/onboarding/infrastructure/database/firebase.go:334.21,337.42 3 1
gitlab.slade360emr.com/go/profile/pkg/onboarding/infrastructure/database/firebase.go:340.3,340.17 1 1
gitlab.slade360emr.com/go/profile/pkg/onboarding/infrastructure/database/firebase.go:337.42,339.4 1 0
gitlab.slade360emr.com/go/profile/pkg/onboarding/infrastructure/database/firebase.go:346.16,348.3 1 0
gitlab.slade360emr.com/go/profile/pkg/onboarding/infrastructure/database/firebase.go:350.21,353.42 3 0
gitlab.slade360emr.com/go/profile/pkg/onboarding/infrastructure/database/firebase.go:356.3,356.17 1 0
gitlab.slade360emr.com/go/profile/pkg/onboarding/infrastructure/database/firebase.go:353.42,355.4 1 0
gitlab.slade360emr.com/go/profile/pkg/onboarding/infrastructure/database/firebase.go:365.103,369.16 3 1
gitlab.slade360emr.com/go/profile/pkg/onboarding/infrastructure/database/firebase.go:373.2,373.21 1 1
gitlab.slade360emr.com/go/profile/pkg/onboarding/infrastructure/database/firebase.go:378.2,380.16 3 1
gitlab.slade360emr.com/go/profile/pkg/onboarding/infrastructure/database/firebase.go:383.2,383.21 1 1
gitlab.slade360emr.com/go/profile/pkg/onboarding/infrastructure/database/firebase.go:387.2,387.19 1 1
gitlab.slade360emr.com/go/profile/pkg/onboarding/infrastructure/database/firebase.go:369.16,371.3 1 0
gitlab.slade360emr.com/go/profile/pkg/onboarding/infrastructure/database/firebase.go:373.21,375.3 1 1
gitlab.slade360emr.com/go/profile/pkg/onboarding/infrastructure/database/firebase.go:380.16,382.3 1 0
gitlab.slade360emr.com/go/profile/pkg/onboarding/infrastructure/database/firebase.go:383.21,385.3 1 0
gitlab.slade360emr.com/go/profile/pkg/onboarding/infrastructure/database/firebase.go:392.97,395.16 3 1
gitlab.slade360emr.com/go/profile/pkg/onboarding/infrastructure/database/firebase.go:399.2,399.21 1 1
gitlab.slade360emr.com/go/profile/pkg/onboarding/infrastructure/database/firebase.go:403.2,403.19 1 1
gitlab.slade360emr.com/go/profile/pkg/onboarding/infrastructure/database/firebase.go:395.16,397.3 1 0
gitlab.slade360emr.com/go/profile/pkg/onboarding/infrastructure/database/firebase.go:399.21,401.3 1 0
gitlab.slade360emr.com/go/profile/pkg/onboarding/infrastructure/database/firebase.go:407.101,410.16 3 1
gitlab.slade360emr.com/go/profile/pkg/onboarding/infrastructure/database/firebase.go:415.2,415.37 1 1
gitlab.slade360emr.com/go/profile/pkg/onboarding/infrastructure/database/firebase.go:419.2,419.20 1 1
gitlab.slade360emr.com/go/profile/pkg/onboarding/infrastructure/database/firebase.go:423.2,426.16 4 1
gitlab.slade360emr.com/go/profile/pkg/onboarding/infrastructure/database/firebase.go:430.2,430.17 1 1
gitlab.slade360emr.com/go/profile/pkg/onboarding/infrastructure/database/firebase.go:410.16,412.3 1 0
gitlab.slade360emr.com/go/profile/pkg/onboarding/infrastructure/database/firebase.go:415.37,417.3 1 0
gitlab.slade360emr.com/go/profile/pkg/onboarding/infrastructure/database/firebase.go:419.20,421.3 1 0
gitlab.slade360emr.com/go/profile/pkg/onboarding/infrastructure/database/firebase.go:426.16,428.3 1 0
gitlab.slade360emr.com/go/profile/pkg/onboarding/infrastructure/database/firebase.go:436.122,441.16 3 0
gitlab.slade360emr.com/go/profile/pkg/onboarding/infrastructure/database/firebase.go:445.2,446.16 2 0
gitlab.slade360emr.com/go/profile/pkg/onboarding/infrastructure/database/firebase.go:449.2,450.16 2 0
gitlab.slade360emr.com/go/profile/pkg/onboarding/infrastructure/database/firebase.go:454.2,462.8 1 0
gitlab.slade360emr.com/go/profile/pkg/onboarding/infrastructure/database/firebase.go:441.16,443.3 1 0
gitlab.slade360emr.com/go/profile/pkg/onboarding/infrastructure/database/firebase.go:446.16,448.3 1 0
gitlab.slade360emr.com/go/profile/pkg/onboarding/infrastructure/database/firebase.go:450.16,452.3 1 0
gitlab.slade360emr.com/go/profile/pkg/onboarding/infrastructure/database/firebase.go:469.41,471.16 2 1
gitlab.slade360emr.com/go/profile/pkg/onboarding/infrastructure/database/firebase.go:478.2,479.16 2 1
gitlab.slade360emr.com/go/profile/pkg/onboarding/infrastructure/database/firebase.go:482.2,483.16 2 1
gitlab.slade360emr.com/go/profile/pkg/onboarding/infrastructure/database/firebase.go:486.2,487.16 2 1
gitlab.slade360emr.com/go/profile/pkg/onboarding/infrastructure/database/firebase.go:491.2,495.18 1 1
gitlab.slade360emr.com/go/profile/pkg/onboarding/infrastructure/database/firebase.go:499.2,499.75 1 1
gitlab.slade360emr.com/go/profile/pkg/onboarding/infrastructure/database/firebase.go:503.2,511.8 1 1
gitlab.slade360emr.com/go/profile/pkg/onboarding/infrastructure/database/firebase.go:471.16,472.31 1 0
gitlab.slade360emr.com/go/profile/pkg/onboarding/infrastructure/database/firebase.go:475.3,475.48 1 0
gitlab.slade360emr.com/go/profile/pkg/onboarding/infrastructure/database/firebase.go:472.31,474.4 1 0
gitlab.slade360emr.com/go/profile/pkg/onboarding/infrastructure/database/firebase.go:479.16,481.3 1 0
gitlab.slade360emr.com/go/profile/pkg/onboarding/infrastructure/database/firebase.go:483.16,485.3 1 0
gitlab.slade360emr.com/go/profile/pkg/onboarding/infrastructure/database/firebase.go:487.16,489.3 1 0
gitlab.slade360emr.com/go/profile/pkg/onboarding/infrastructure/database/firebase.go:495.18,497.3 1 0
gitlab.slade360emr.com/go/profile/pkg/onboarding/infrastructure/database/firebase.go:499.75,501.3 1 0
gitlab.slade360emr.com/go/profile/pkg/onboarding/infrastructure/database/firebase.go:514.68,515.35 1 1
gitlab.slade360emr.com/go/profile/pkg/onboarding/infrastructure/database/firebase.go:518.2,519.40 2 0
gitlab.slade360emr.com/go/profile/pkg/onboarding/infrastructure/database/firebase.go:525.2,525.15 1 0
gitlab.slade360emr.com/go/profile/pkg/onboarding/infrastructure/database/firebase.go:515.35,517.3 1 1
gitlab.slade360emr.com/go/profile/pkg/onboarding/infrastructure/database/firebase.go:519.40,520.74 1 0
gitlab.slade360emr.com/go/profile/pkg/onboarding/infrastructure/database/firebase.go:520.74,522.9 2 0
gitlab.slade360emr.com/go/profile/pkg/onboarding/infrastructure/database/firebase.go:530.93,532.67 1 0
gitlab.slade360emr.com/go/profile/pkg/onboarding/infrastructure/database/firebase.go:539.2,540.16 2 0
gitlab.slade360emr.com/go/profile/pkg/onboarding/infrastructure/database/firebase.go:543.2,546.16 3 0
gitlab.slade360emr.com/go/profile/pkg/onboarding/infrastructure/database/firebase.go:550.2,551.16 2 0
gitlab.slade360emr.com/go/profile/pkg/onboarding/infrastructure/database/firebase.go:555.2,555.12 1 0
gitlab.slade360emr.com/go/profile/pkg/onboarding/infrastructure/database/firebase.go:532.67,533.8 1 0
gitlab.slade360emr.com/go/profile/pkg/onboarding/infrastructure/database/firebase.go:536.3,536.45 1 0
gitlab.slade360emr.com/go/profile/pkg/onboarding/infrastructure/database/firebase.go:533.8,535.4 1 0
gitlab.slade360emr.com/go/profile/pkg/onboarding/infrastructure/database/firebase.go:540.16,542.3 1 0
gitlab.slade360emr.com/go/profile/pkg/onboarding/infrastructure/database/firebase.go:546.16,548.3 1 0
gitlab.slade360emr.com/go/profile/pkg/onboarding/infrastructure/database/firebase.go:551.16,553.3 1 0
gitlab.slade360emr.com/go/profile/pkg/onboarding/infrastructure/database/firebase.go:560.106,562.16 2 0
gitlab.slade360emr.com/go/profile/pkg/onboarding/infrastructure/database/firebase.go:565.2,568.16 3 0
gitlab.slade360emr.com/go/profile/pkg/onboarding/infrastructure/database/firebase.go:572.2,573.16 2 0
gitlab.slade360emr.com/go/profile/pkg/onboarding/infrastructure/database/firebase.go:577.2,577.12 1 0
gitlab.slade360emr.com/go/profile/pkg/onboarding/infrastructure/database/firebase.go:562.16,564.3 1 0
gitlab.slade360emr.com/go/profile/pkg/onboarding/infrastructure/database/firebase.go:568.16,570.3 1 0
gitlab.slade360emr.com/go/profile/pkg/onboarding/infrastructure/database/firebase.go:573.16,575.3 1 0
gitlab.slade360emr.com/go/profile/pkg/onboarding/infrastructure/database/firebase.go:582.108,584.16 2 0
gitlab.slade360emr.com/go/profile/pkg/onboarding/infrastructure/database/firebase.go:587.2,590.16 3 0
gitlab.slade360emr.com/go/profile/pkg/onboarding/infrastructure/database/firebase.go:594.2,597.16 2 0
gitlab.slade360emr.com/go/profile/pkg/onboarding/infrastructure/database/firebase.go:601.2,601.12 1 0
gitlab.slade360emr.com/go/profile/pkg/onboarding/infrastructure/database/firebase.go:584.16,586.3 1 0
gitlab.slade360emr.com/go/profile/pkg/onboarding/infrastructure/database/firebase.go:590.16,592.3 1 0
gitlab.slade360emr.com/go/profile/pkg/onboarding/infrastructure/database/firebase.go:597.16,599.3 1 0
gitlab.slade360emr.com/go/profile/pkg/onboarding/infrastructure/database/firebase.go:606.112,608.16 2 0
gitlab.slade360emr.com/go/profile/pkg/onboarding/infrastructure/database/firebase.go:613.2,614.45 2 0
gitlab.slade360emr.com/go/profile/pkg/onboarding/infrastructure/database/firebase.go:626.2,629.16 3 0
gitlab.slade360emr.com/go/profile/pkg/onboarding/infrastructure/database/firebase.go:633.2,636.16 2 0
gitlab.slade360emr.com/go/profile/pkg/onboarding/infrastructure/database/firebase.go:640.2,640.12 1 0
gitlab.slade360emr.com/go/profile/pkg/onboarding/infrastructure/database/firebase.go:608.16,610.3 1 0
gitlab.slade360emr.com/go/profile/pkg/onboarding/infrastructure/database/firebase.go:614.45,615.38 1 0
gitlab.slade360emr.com/go/profile/pkg/onboarding/infrastructure/database/firebase.go:615.38,616.58 1 0
gitlab.slade360emr.com/go/profile/pkg/onboarding/infrastructure/database/firebase.go:616.58,617.106 1 0
gitlab.slade360emr.com/go/profile/pkg/onboarding/infrastructure/database/firebase.go:617.106,619.6 1 0
gitlab.slade360emr.com/go/profile/pkg/onboarding/infrastructure/database/firebase.go:622.8,624.3 1 0
gitlab.slade360emr.com/go/profile/pkg/onboarding/infrastructure/database/firebase.go:629.16,631.3 1 0
gitlab.slade360emr.com/go/profile/pkg/onboarding/infrastructure/database/firebase.go:636.16,638.3 1 0
gitlab.slade360emr.com/go/profile/pkg/onboarding/infrastructure/database/firebase.go:645.116,647.16 2 0
gitlab.slade360emr.com/go/profile/pkg/onboarding/infrastructure/database/firebase.go:652.2,653.47 2 0
gitlab.slade360emr.com/go/profile/pkg/onboarding/infrastructure/database/firebase.go:666.2,669.16 3 0
gitlab.slade360emr.com/go/profile/pkg/onboarding/infrastructure/database/firebase.go:673.2,676.16 2 0
gitlab.slade360emr.com/go/profile/pkg/onboarding/infrastructure/database/firebase.go:679.2,679.12 1 0
gitlab.slade360emr.com/go/profile/pkg/onboarding/infrastructure/database/firebase.go:647.16,649.3 1 0
gitlab.slade360emr.com/go/profile/pkg/onboarding/infrastructure/database/firebase.go:653.47,654.40 1 0
gitlab.slade360emr.com/go/profile/pkg/onboarding/infrastructure/database/firebase.go:654.40,655.60 1 0
gitlab.slade360emr.com/go/profile/pkg/onboarding/infrastructure/database/firebase.go:655.60,656.113 1 0
gitlab.slade360emr.com/go/profile/pkg/onboarding/infrastructure/database/firebase.go:656.113,658.6 1 0
gitlab.slade360emr.com/go/profile/pkg/onboarding/infrastructure/database/firebase.go:662.8,664.3 1 0
gitlab.slade360emr.com/go/profile/pkg/onboarding/infrastructure/database/firebase.go:669.16,671.3 1 0
gitlab.slade360emr.com/go/profile/pkg/onboarding/infrastructure/database/firebase.go:676.16,678.3 1 0
gitlab.slade360emr.com/go/profile/pkg/onboarding/infrastructure/database/firebase.go:683.90,685.16 2 0
gitlab.slade360emr.com/go/profile/pkg/onboarding/infrastructure/database/firebase.go:688.2,691.16 3 0
gitlab.slade360emr.com/go/profile/pkg/onboarding/infrastructure/database/firebase.go:695.2,698.44 2 0
gitlab.slade360emr.com/go/profile/pkg/onboarding/infrastructure/database/firebase.go:685.16,687.3 1 0
gitlab.slade360emr.com/go/profile/pkg/onboarding/infrastructure/database/firebase.go:691.16,693.3 1 0
gitlab.slade360emr.com/go/profile/pkg/onboarding/infrastructure/database/firebase.go:702.98,704.16 2 0
gitlab.slade360emr.com/go/profile/pkg/onboarding/infrastructure/database/firebase.go:707.2,710.16 3 0
gitlab.slade360emr.com/go/profile/pkg/onboarding/infrastructure/database/firebase.go:714.2,717.16 2 0
gitlab.slade360emr.com/go/profile/pkg/onboarding/infrastructure/database/firebase.go:720.2,720.12 1 0
gitlab.slade360emr.com/go/profile/pkg/onboarding/infrastructure/database/firebase.go:704.16,706.3 1 0
gitlab.slade360emr.com/go/profile/pkg/onboarding/infrastructure/database/firebase.go:710.16,712.3 1 0
gitlab.slade360emr.com/go/profile/pkg/onboarding/infrastructure/database/firebase.go:717.16,719.3 1 0
gitlab.slade360emr.com/go/profile/pkg/onboarding/infrastructure/database/firebase.go:724.95,726.16 2 0
gitlab.slade360emr.com/go/profile/pkg/onboarding/infrastructure/database/firebase.go:730.2,731.30 2 0
gitlab.slade360emr.com/go/profile/pkg/onboarding/infrastructure/database/firebase.go:744.2,747.16 3 0
gitlab.slade360emr.com/go/profile/pkg/onboarding/infrastructure/database/firebase.go:751.2,754.16 2 0
gitlab.slade360emr.com/go/profile/pkg/onboarding/infrastructure/database/firebase.go:757.2,757.12 1 0
gitlab.slade360emr.com/go/profile/pkg/onboarding/infrastructure/database/firebase.go:726.16,728.3 1 0
gitlab.slade360emr.com/go/profile/pkg/onboarding/infrastructure/database/firebase.go:731.30,732.32 1 0
gitlab.slade360emr.com/go/profile/pkg/onboarding/infrastructure/database/firebase.go:732.32,733.43 1 0
gitlab.slade360emr.com/go/profile/pkg/onboarding/infrastructure/database/firebase.go:733.43,735.93 1 0
gitlab.slade360emr.com/go/profile/pkg/onboarding/infrastructure/database/firebase.go:735.93,737.6 1 0
gitlab.slade360emr.com/go/profile/pkg/onboarding/infrastructure/database/firebase.go:740.8,742.3 1 0
gitlab.slade360emr.com/go/profile/pkg/onboarding/infrastructure/database/firebase.go:747.16,749.3 1 0
gitlab.slade360emr.com/go/profile/pkg/onboarding/infrastructure/database/firebase.go:754.16,756.3 1 0
gitlab.slade360emr.com/go/profile/pkg/onboarding/infrastructure/database/firebase.go:761.98,763.16 2 0
gitlab.slade360emr.com/go/profile/pkg/onboarding/infrastructure/database/firebase.go:766.2,771.16 5 0
gitlab.slade360emr.com/go/profile/pkg/onboarding/infrastructure/database/firebase.go:775.2,778.16 2 0
gitlab.slade360emr.com/go/profile/pkg/onboarding/infrastructure/database/firebase.go:781.2,781.12 1 0
gitlab.slade360emr.com/go/profile/pkg/onboarding/infrastructure/database/firebase.go:763.16,765.3 1 0
gitlab.slade360emr.com/go/profile/pkg/onboarding/infrastructure/database/firebase.go:771.16,773.3 1 0
gitlab.slade360emr.com/go/profile/pkg/onboarding/infrastructure/database/firebase.go:778.16,780.3 1 0
gitlab.slade360emr.com/go/profile/pkg/onboarding/infrastructure/database/firebase.go:785.94,787.16 2 0
gitlab.slade360emr.com/go/profile/pkg/onboarding/infrastructure/database/firebase.go:791.2,791.86 1 0
gitlab.slade360emr.com/go/profile/pkg/onboarding/infrastructure/database/firebase.go:797.2,797.85 1 0
gitlab.slade360emr.com/go/profile/pkg/onboarding/infrastructure/database/firebase.go:803.2,803.87 1 0
gitlab.slade360emr.com/go/profile/pkg/onboarding/infrastructure/database/firebase.go:809.2,809.91 1 0
gitlab.slade360emr.com/go/profile/pkg/onboarding/infrastructure/database/firebase.go:816.2,817.16 2 0
gitlab.slade360emr.com/go/profile/pkg/onboarding/infrastructure/database/firebase.go:820.2,823.16 2 0
gitlab.slade360emr.com/go/profile/pkg/onboarding/infrastructure/database/firebase.go:826.2,826.12 1 0
gitlab.slade360emr.com/go/profile/pkg/onboarding/infrastructure/database/firebase.go:787.16,789.3 1 0
gitlab.slade360emr.com/go/profile/pkg/onboarding/infrastructure/database/firebase.go:791.86,792.26 1 0
gitlab.slade360emr.com/go/profile/pkg/onboarding/infrastructure/database/firebase.go:795.3,795.34 1 0
gitlab.slade360emr.com/go/profile/pkg/onboarding/infrastructure/database/firebase.go:792.26,794.4 1 0
gitlab.slade360emr.com/go/profile/pkg/onboarding/infrastructure/database/firebase.go:797.85,798.25 1 0
gitlab.slade360emr.com/go/profile/pkg/onboarding/infrastructure/database/firebase.go:801.3,801.33 1 0
gitlab.slade360emr.com/go/profile/pkg/onboarding/infrastructure/database/firebase.go:798.25,800.4 1 0
gitlab.slade360emr.com/go/profile/pkg/onboarding/infrastructure/database/firebase.go:803.87,804.31 1 0
gitlab.slade360emr.com/go/profile/pkg/onboarding/infrastructure/database/firebase.go:807.3,807.31 1 0
gitlab.slade360emr.com/go/profile/pkg/onboarding/infrastructure/database/firebase.go:804.31,806.4 1 0
gitlab.slade360emr.com/go/profile/pkg/onboarding/infrastructure/database/firebase.go:809.91,810.28 1 0
gitlab.slade360emr.com/go/profile/pkg/onboarding/infrastructure/database/firebase.go:814.3,814.36 1 0
gitlab.slade360emr.com/go/profile/pkg/onboarding/infrastructure/database/firebase.go:810.28,812.4 1 0
gitlab.slade360emr.com/go/profile/pkg/onboarding/infrastructure/database/firebase.go:817.16,819.3 1 0
gitlab.slade360emr.com/go/profile/pkg/onboarding/infrastructure/database/firebase.go:823.16,825.3 1 0
gitlab.slade360emr.com/go/profile/pkg/onboarding/infrastructure/database/firebase.go:830.126,832.41 1 1
gitlab.slade360emr.com/go/profile/pkg/onboarding/infrastructure/database/firebase.go:862.2,862.12 1 1
gitlab.slade360emr.com/go/profile/pkg/onboarding/infrastructure/database/firebase.go:832.41,835.17 2 1
gitlab.slade360emr.com/go/profile/pkg/onboarding/infrastructure/database/firebase.go:839.3,839.54 1 1
gitlab.slade360emr.com/go/profile/pkg/onboarding/infrastructure/database/firebase.go:835.17,837.4 1 0
gitlab.slade360emr.com/go/profile/pkg/onboarding/infrastructure/database/firebase.go:839.54,847.18 5 0
gitlab.slade360emr.com/go/profile/pkg/onboarding/infrastructure/database/firebase.go:851.4,854.18 2 0
gitlab.slade360emr.com/go/profile/pkg/onboarding/infrastructure/database/firebase.go:857.4,857.14 1 0
gitlab.slade360emr.com/go/profile/pkg/onboarding/infrastructure/database/firebase.go:847.18,849.5 1 0
gitlab.slade360emr.com/go/profile/pkg/onboarding/infrastructure/database/firebase.go:854.18,856.5 1 0
gitlab.slade360emr.com/go/profile/pkg/onboarding/infrastructure/database/firebase.go:865.72,868.41 3 1
gitlab.slade360emr.com/go/profile/pkg/onboarding/infrastructure/database/firebase.go:871.2,871.57 1 1
gitlab.slade360emr.com/go/profile/pkg/onboarding/infrastructure/database/firebase.go:868.41,870.3 1 1
gitlab.slade360emr.com/go/profile/pkg/onboarding/infrastructure/database/firebase.go:875.95,877.27 1 1
gitlab.slade360emr.com/go/profile/pkg/onboarding/infrastructure/database/firebase.go:907.2,907.12 1 1
gitlab.slade360emr.com/go/profile/pkg/onboarding/infrastructure/database/firebase.go:877.27,880.17 2 1
gitlab.slade360emr.com/go/profile/pkg/onboarding/infrastructure/database/firebase.go:884.3,884.59 1 1
gitlab.slade360emr.com/go/profile/pkg/onboarding/infrastructure/database/firebase.go:880.17,882.4 1 0
gitlab.slade360emr.com/go/profile/pkg/onboarding/infrastructure/database/firebase.go:884.59,892.18 5 0
gitlab.slade360emr.com/go/profile/pkg/onboarding/infrastructure/database/firebase.go:896.4,899.18 2 0
gitlab.slade360emr.com/go/profile/pkg/onboarding/infrastructure/database/firebase.go:902.4,902.14 1 0
gitlab.slade360emr.com/go/profile/pkg/onboarding/infrastructure/database/firebase.go:892.18,894.5 1 0
gitlab.slade360emr.com/go/profile/pkg/onboarding/infrastructure/database/firebase.go:899.18,901.5 1 0
gitlab.slade360emr.com/go/profile/pkg/onboarding/infrastructure/database/firebase.go:915.9,916.65 1 0
gitlab.slade360emr.com/go/profile/pkg/onboarding/infrastructure/database/firebase.go:920.2,929.16 4 0
gitlab.slade360emr.com/go/profile/pkg/onboarding/infrastructure/database/firebase.go:933.2,933.12 1 0
gitlab.slade360emr.com/go/profile/pkg/onboarding/infrastructure/database/firebase.go:916.65,919.3 1 0
gitlab.slade360emr.com/go/profile/pkg/onboarding/infrastructure/database/firebase.go:929.16,932.3 1 0
gitlab.slade360emr.com/go/profile/pkg/onboarding/infrastructure/database/firebase.go:937.83,940.16 2 1
gitlab.slade360emr.com/go/profile/pkg/onboarding/infrastructure/database/firebase.go:943.2,943.18 1 1
gitlab.slade360emr.com/go/profile/pkg/onboarding/infrastructure/database/firebase.go:940.16,942.3 1 0
gitlab.slade360emr.com/go/profile/pkg/onboarding/infrastructure/database/firebase.go:948.96,950.16 2 0
gitlab.slade360emr.com/go/profile/pkg/onboarding/infrastructure/database/firebase.go:953.2,954.16 2 0
gitlab.slade360emr.com/go/profile/pkg/onboarding/infrastructure/database/firebase.go:958.2,961.16 2 0
gitlab.slade360emr.com/go/profile/pkg/onboarding/infrastructure/database/firebase.go:964.2,964.18 1 0
gitlab.slade360emr.com/go/profile/pkg/onboarding/infrastructure/database/firebase.go:950.16,952.3 1 0
gitlab.slade360emr.com/go/profile/pkg/onboarding/infrastructure/database/firebase.go:954.16,956.3 1 0
gitlab.slade360emr.com/go/profile/pkg/onboarding/infrastructure/database/firebase.go:961.16,963.3 1 0
gitlab.slade360emr.com/go/profile/pkg/onboarding/infrastructure/database/firebase.go:971.112,973.16 2 1
gitlab.slade360emr.com/go/profile/pkg/onboarding/infrastructure/database/firebase.go:977.2,982.16 3 1
gitlab.slade360emr.com/go/profile/pkg/onboarding/infrastructure/database/firebase.go:986.2,996.16 6 1
gitlab.slade360emr.com/go/profile/pkg/onboarding/infrastructure/database/firebase.go:1000.2,1000.38 1 1
gitlab.slade360emr.com/go/profile/pkg/onboarding/infrastructure/database/firebase.go:1011.2,1013.16 3 1
gitlab.slade360emr.com/go/profile/pkg/onboarding/infrastructure/database/firebase.go:1017.2,1017.24 1 1
gitlab.slade360emr.com/go/profile/pkg/onboarding/infrastructure/database/firebase.go:973.16,975.3 1 0
gitlab.slade360emr.com/go/profile/pkg/onboarding/infrastructure/database/firebase.go:982.16,984.3 1 0
gitlab.slade360emr.com/go/profile/pkg/onboarding/infrastructure/database/firebase.go:996.16,998.3 1 0
gitlab.slade360emr.com/go/profile/pkg/onboarding/infrastructure/database/firebase.go:1000.38,1009.3 2 1
gitlab.slade360emr.com/go/profile/pkg/onboarding/infrastructure/database/firebase.go:1013.16,1015.3 1 0
gitlab.slade360emr.com/go/profile/pkg/onboarding/infrastructure/database/firebase.go:1021.102,1025.16 4 1
gitlab.slade360emr.com/go/profile/pkg/onboarding/infrastructure/database/firebase.go:1028.2,1028.37 1 1
gitlab.slade360emr.com/go/profile/pkg/onboarding/infrastructure/database/firebase.go:1032.2,1032.20 1 1
gitlab.slade360emr.com/go/profile/pkg/onboarding/infrastructure/database/firebase.go:1035.2,1038.16 4 1
gitlab.slade360emr.com/go/profile/pkg/onboarding/infrastructure/database/firebase.go:1041.2,1041.17 1 1
gitlab.slade360emr.com/go/profile/pkg/onboarding/infrastructure/database/firebase.go:1025.16,1027.3 1 0
gitlab.slade360emr.com/go/profile/pkg/onboarding/infrastructure/database/firebase.go:1028.37,1030.3 1 0
gitlab.slade360emr.com/go/profile/pkg/onboarding/infrastructure/database/firebase.go:1032.20,1034.3 1 1
gitlab.slade360emr.com/go/profile/pkg/onboarding/infrastructure/database/firebase.go:1038.16,1040.3 1 0
gitlab.slade360emr.com/go/profile/pkg/onboarding/infrastructure/database/firebase.go:1045.116,1049.16 4 1
gitlab.slade360emr.com/go/profile/pkg/onboarding/infrastructure/database/firebase.go:1053.2,1053.20 1 1
gitlab.slade360emr.com/go/profile/pkg/onboarding/infrastructure/database/firebase.go:1056.2,1059.16 4 1
gitlab.slade360emr.com/go/profile/pkg/onboarding/infrastructure/database/firebase.go:1062.2,1062.17 1 1
gitlab.slade360emr.com/go/profile/pkg/onboarding/infrastructure/database/firebase.go:1049.16,1051.3 1 0
gitlab.slade360emr.com/go/profile/pkg/onboarding/infrastructure/database/firebase.go:1053.20,1055.3 1 0
gitlab.slade360emr.com/go/profile/pkg/onboarding/infrastructure/database/firebase.go:1059.16,1061.3 1 0
gitlab.slade360emr.com/go/profile/pkg/onboarding/infrastructure/database/firebase.go:1067.116,1071.16 4 1
gitlab.slade360emr.com/go/profile/pkg/onboarding/infrastructure/database/firebase.go:1074.2,1074.37 1 1
gitlab.slade360emr.com/go/profile/pkg/onboarding/infrastructure/database/firebase.go:1078.2,1078.20 1 1
gitlab.slade360emr.com/go/profile/pkg/onboarding/infrastructure/database/firebase.go:1081.2,1084.16 4 1
gitlab.slade360emr.com/go/profile/pkg/onboarding/infrastructure/database/firebase.go:1087.2,1087.17 1 1
gitlab.slade360emr.com/go/profile/pkg/onboarding/infrastructure/database/firebase.go:1071.16,1073.3 1 0
gitlab.slade360emr.com/go/profile/pkg/onboarding/infrastructure/database/firebase.go:1074.37,1076.3 1 0
gitlab.slade360emr.com/go/profile/pkg/onboarding/infrastructure/database/firebase.go:1078.20,1080.3 1 1
gitlab.slade360emr.com/go/profile/pkg/onboarding/infrastructure/database/firebase.go:1084.16,1086.3 1 0
gitlab.slade360emr.com/go/profile/pkg/onboarding/infrastructure/database/firebase.go:1091.102,1095.16 4 0
gitlab.slade360emr.com/go/profile/pkg/onboarding/infrastructure/database/firebase.go:1099.2,1099.20 1 0
gitlab.slade360emr.com/go/profile/pkg/onboarding/infrastructure/database/firebase.go:1102.2,1105.16 4 0
gitlab.slade360emr.com/go/profile/pkg/onboarding/infrastructure/database/firebase.go:1108.2,1108.17 1 0
gitlab.slade360emr.com/go/profile/pkg/onboarding/infrastructure/database/firebase.go:1095.16,1097.3 1 0
gitlab.slade360emr.com/go/profile/pkg/onboarding/infrastructure/database/firebase.go:1099.20,1101.3 1 0
gitlab.slade360emr.com/go/profile/pkg/onboarding/infrastructure/database/firebase.go:1105.16,1107.3 1 0
gitlab.slade360emr.com/go/profile/pkg/onboarding/infrastructure/database/firebase.go:1112.136,1116.16 2 0
gitlab.slade360emr.com/go/profile/pkg/onboarding/infrastructure/database/firebase.go:1120.2,1125.16 5 0
gitlab.slade360emr.com/go/profile/pkg/onboarding/infrastructure/database/firebase.go:1129.2,1132.16 2 0
gitlab.slade360emr.com/go/profile/pkg/onboarding/infrastructure/database/firebase.go:1136.2,1136.18 1 0
gitlab.slade360emr.com/go/profile/pkg/onboarding/infrastructure/database/firebase.go:1116.16,1118.3 1 0
gitlab.slade360emr.com/go/profile/pkg/onboarding/infrastructure/database/firebase.go:1125.16,1127.3 1 0
gitlab.slade360emr.com/go/profile/pkg/onboarding/infrastructure/database/firebase.go:1132.16,1134.3 1 0
gitlab.slade360emr.com/go/profile/pkg/onboarding/infrastructure/database/firebase.go:1141.110,1144.16 2 0
gitlab.slade360emr.com/go/profile/pkg/onboarding/infrastructure/database/firebase.go:1148.2,1151.16 3 0
gitlab.slade360emr.com/go/profile/pkg/onboarding/infrastructure/database/firebase.go:1155.2,1158.16 2 0
gitlab.slade360emr.com/go/profile/pkg/onboarding/infrastructure/database/firebase.go:1162.2,1162.17 1 0
gitlab.slade360emr.com/go/profile/pkg/onboarding/infrastructure/database/firebase.go:1144.16,1146.3 1 0
gitlab.slade360emr.com/go/profile/pkg/onboarding/infrastructure/database/firebase.go:1151.16,1153.3 1 0
gitlab.slade360emr.com/go/profile/pkg/onboarding/infrastructure/database/firebase.go:1158.16,1160.3 1 0
gitlab.slade360emr.com/go/profile/pkg/onboarding/infrastructure/database/firebase.go:1166.111,1168.16 2 0
gitlab.slade360emr.com/go/profile/pkg/onboarding/infrastructure/database/firebase.go:1172.2,1173.16 2 0
gitlab.slade360emr.com/go/profile/pkg/onboarding/infrastructure/database/firebase.go:1177.2,1180.16 2 0
gitlab.slade360emr.com/go/profile/pkg/onboarding/infrastructure/database/firebase.go:1184.2,1184.17 1 0
gitlab.slade360emr.com/go/profile/pkg/onboarding/infrastructure/database/firebase.go:1168.16,1170.3 1 0
gitlab.slade360emr.com/go/profile/pkg/onboarding/infrastructure/database/firebase.go:1173.16,1175.3 1 0
gitlab.slade360emr.com/go/profile/pkg/onboarding/infrastructure/database/firebase.go:1180.16,1182.3 1 0
gitlab.slade360emr.com/go/profile/pkg/onboarding/infrastructure/database/firebase.go:1189.98,1191.16 2 0
gitlab.slade360emr.com/go/profile/pkg/onboarding/infrastructure/database/firebase.go:1194.2,1194.12 1 0
gitlab.slade360emr.com/go/profile/pkg/onboarding/infrastructure/database/firebase.go:1191.16,1193.3 1 0
gitlab.slade360emr.com/go/profile/pkg/onboarding/infrastructure/database/firebase.go:1198.101,1200.16 2 0
gitlab.slade360emr.com/go/profile/pkg/onboarding/infrastructure/database/firebase.go:1203.2,1203.12 1 0
gitlab.slade360emr.com/go/profile/pkg/onboarding/infrastructure/database/firebase.go:1200.16,1202.3 1 0
gitlab.slade360emr.com/go/profile/pkg/onboarding/infrastructure/database/firebase.go:1207.101,1211.16 4 0
gitlab.slade360emr.com/go/profile/pkg/onboarding/infrastructure/database/firebase.go:1215.2,1217.27 2 0
gitlab.slade360emr.com/go/profile/pkg/onboarding/infrastructure/database/firebase.go:1227.2,1227.17 1 0
gitlab.slade360emr.com/go/profile/pkg/onboarding/infrastructure/database/firebase.go:1211.16,1213.3 1 0
gitlab.slade360emr.com/go/profile/pkg/onboarding/infrastructure/database/firebase.go:1217.27,1220.17 3 0
gitlab.slade360emr.com/go/profile/pkg/onboarding/infrastructure/database/firebase.go:1224.3,1224.25 1 0
gitlab.slade360emr.com/go/profile/pkg/onboarding/infrastructure/database/firebase.go:1220.17,1223.4 2 0
gitlab.slade360emr.com/go/profile/pkg/onboarding/infrastructure/database/firebase.go:1231.113,1235.16 4 0
gitlab.slade360emr.com/go/profile/pkg/onboarding/infrastructure/database/firebase.go:1239.2,1241.16 3 0
gitlab.slade360emr.com/go/profile/pkg/onboarding/infrastructure/database/firebase.go:1245.2,1245.17 1 0
gitlab.slade360emr.com/go/profile/pkg/onboarding/infrastructure/database/firebase.go:1235.16,1237.3 1 0
gitlab.slade360emr.com/go/profile/pkg/onboarding/infrastructure/database/firebase.go:1241.16,1243.3 1 0
gitlab.slade360emr.com/go/profile/pkg/onboarding/infrastructure/database/firebase.go:1249.108,1252.16 2 0
gitlab.slade360emr.com/go/profile/pkg/onboarding/infrastructure/database/firebase.go:1256.2,1259.16 2 0
gitlab.slade360emr.com/go/profile/pkg/onboarding/infrastructure/database/firebase.go:1263.2,1263.12 1 0
gitlab.slade360emr.com/go/profile/pkg/onboarding/infrastructure/database/firebase.go:1252.16,1254.3 1 0
gitlab.slade360emr.com/go/profile/pkg/onboarding/infrastructure/database/firebase.go:1259.16,1261.3 1 0
gitlab.slade360emr.com/go/profile/pkg/onboarding/infrastructure/database/firebase.go:1268.89,1272.16 4 0
gitlab.slade360emr.com/go/profile/pkg/onboarding/infrastructure/database/firebase.go:1275.2,1276.27 2 0
gitlab.slade360emr.com/go/profile/pkg/onboarding/infrastructure/database/firebase.go:1284.2,1284.20 1 0
gitlab.slade360emr.com/go/profile/pkg/onboarding/infrastructure/database/firebase.go:1272.16,1274.3 1 0
gitlab.slade360emr.com/go/profile/pkg/onboarding/infrastructure/database/firebase.go:1276.27,1279.17 3 0
gitlab.slade360emr.com/go/profile/pkg/onboarding/infrastructure/database/firebase.go:1282.3,1282.29 1 0
gitlab.slade360emr.com/go/profile/pkg/onboarding/infrastructure/database/firebase.go:1279.17,1281.4 1 0
gitlab.slade360emr.com/go/profile/pkg/onboarding/infrastructure/database/firebase.go:1288.87,1290.16 2 0
gitlab.slade360emr.com/go/profile/pkg/onboarding/infrastructure/database/firebase.go:1295.2,1296.16 2 0
gitlab.slade360emr.com/go/profile/pkg/onboarding/infrastructure/database/firebase.go:1300.2,1300.98 1 0
gitlab.slade360emr.com/go/profile/pkg/onboarding/infrastructure/database/firebase.go:1311.2,1312.16 2 0
gitlab.slade360emr.com/go/profile/pkg/onboarding/infrastructure/database/firebase.go:1325.2,1326.16 2 0
gitlab.slade360emr.com/go/profile/pkg/onboarding/infrastructure/database/firebase.go:1337.2,1337.103 1 0
gitlab.slade360emr.com/go/profile/pkg/onboarding/infrastructure/database/firebase.go:1345.2,1346.16 2 0
gitlab.slade360emr.com/go/profile/pkg/onboarding/infrastructure/database/firebase.go:1349.2,1349.65 1 0
gitlab.slade360emr.com/go/profile/pkg/onboarding/infrastructure/database/firebase.go:1353.2,1353.12 1 0
gitlab.slade360emr.com/go/profile/pkg/onboarding/infrastructure/database/firebase.go:1290.16,1292.3 1 0
gitlab.slade360emr.com/go/profile/pkg/onboarding/infrastructure/database/firebase.go:1296.16,1298.3 1 0
gitlab.slade360emr.com/go/profile/pkg/onboarding/infrastructure/database/firebase.go:1300.98,1302.17 2 0
gitlab.slade360emr.com/go/profile/pkg/onboarding/infrastructure/database/firebase.go:1302.17,1304.4 1 0
gitlab.slade360emr.com/go/profile/pkg/onboarding/infrastructure/database/firebase.go:1312.16,1313.110 1 0
gitlab.slade360emr.com/go/profile/pkg/onboarding/infrastructure/database/firebase.go:1313.110,1315.18 2 0
gitlab.slade360emr.com/go/profile/pkg/onboarding/infrastructure/database/firebase.go:1315.18,1317.5 1 0
gitlab.slade360emr.com/go/profile/pkg/onboarding/infrastructure/database/firebase.go:1326.16,1327.110 1 0
gitlab.slade360emr.com/go/profile/pkg/onboarding/infrastructure/database/firebase.go:1327.110,1329.18 2 0
gitlab.slade360emr.com/go/profile/pkg/onboarding/infrastructure/database/firebase.go:1329.18,1331.5 1 0
gitlab.slade360emr.com/go/profile/pkg/onboarding/infrastructure/database/firebase.go:1337.103,1339.17 2 0
gitlab.slade360emr.com/go/profile/pkg/onboarding/infrastructure/database/firebase.go:1339.17,1341.4 1 0
gitlab.slade360emr.com/go/profile/pkg/onboarding/infrastructure/database/firebase.go:1346.16,1348.3 1 0
gitlab.slade360emr.com/go/profile/pkg/onboarding/infrastructure/database/firebase.go:1349.65,1351.3 1 0
gitlab.slade360emr.com/go/profile/pkg/onboarding/infrastructure/database/firebase.go:1363.43,1367.17 3 1
gitlab.slade360emr.com/go/profile/pkg/onboarding/infrastructure/database/firebase.go:1388.2,1388.32 1 1
gitlab.slade360emr.com/go/profile/pkg/onboarding/infrastructure/database/firebase.go:1368.28,1369.3 1 1
gitlab.slade360emr.com/go/profile/pkg/onboarding/infrastructure/database/firebase.go:1376.23,1377.3 1 1
gitlab.slade360emr.com/go/profile/pkg/onboarding/infrastructure/database/firebase.go:1384.10,1385.77 1 1
gitlab.slade360emr.com/go/profile/pkg/onboarding/infrastructure/database/firebase.go:1369.3,1371.18 2 1
gitlab.slade360emr.com/go/profile/pkg/onboarding/infrastructure/database/firebase.go:1374.4,1374.30 1 1
gitlab.slade360emr.com/go/profile/pkg/onboarding/infrastructure/database/firebase.go:1371.18,1373.5 1 0
gitlab.slade360emr.com/go/profile/pkg/onboarding/infrastructure/database/firebase.go:1377.3,1379.18 2 1
gitlab.slade360emr.com/go/profile/pkg/onboarding/infrastructure/database/firebase.go:1382.4,1382.30 1 1
gitlab.slade360emr.com/go/profile/pkg/onboarding/infrastructure/database/firebase.go:1379.18,1381.5 1 1
gitlab.slade360emr.com/go/profile/pkg/onboarding/infrastructure/database/firebase.go:1396.43,1401.16 2 1
gitlab.slade360emr.com/go/profile/pkg/onboarding/infrastructure/database/firebase.go:1412.2,1418.16 3 0
gitlab.slade360emr.com/go/profile/pkg/onboarding/infrastructure/database/firebase.go:1421.2,1428.8 1 0
gitlab.slade360emr.com/go/profile/pkg/onboarding/infrastructure/database/firebase.go:1401.16,1410.3 1 1
gitlab.slade360emr.com/go/profile/pkg/onboarding/infrastructure/database/firebase.go:1418.16,1420.3 1 0
